# JRE version: Java(TM) SE Runtime Environment (8.0_251-b08) (build 1.8.0_251-b08)
# Java VM: Java HotSpot(TM) 64-Bit Server VM (25.251-b08 mixed mode windows-amd64 compressed oops)
Heap:
 PSYoungGen      total 130048K, used 127608K [0x000000076c000000, 0x0000000778f00000, 0x00000007c0000000)
  eden space 119296K, 97% used [0x000000076c000000,0x000000077321e430,0x0000000773480000)
  from space 10752K, 99% used [0x0000000774880000,0x00000007752fffc0,0x0000000775300000)
  to   space 20480K, 0% used [0x0000000773480000,0x0000000773480000,0x0000000774880000)
 ParOldGen       total 139264K, used 31610K [0x00000006c4000000, 0x00000006cc800000, 0x000000076c000000)
  object space 139264K, 22% used [0x00000006c4000000,0x00000006c5ede880,0x00000006cc800000)
 Metaspace       used 26141K, capacity 26732K, committed 26880K, reserved 1073152K
  class space    used 3101K, capacity 3293K, committed 3328K, reserved 1048576K
GC Heap History (10 events):
Event: 1.464 GC heap before
{Heap before GC invocations=3 (full 0):
 PSYoungGen      total 75264K, used 75235K [0x000000076c000000, 0x0000000775300000, 0x00000007c0000000)
  eden space 64512K, 100% used [0x000000076c000000,0x000000076ff00000,0x000000076ff00000)
  from space 10752K, 99% used [0x0000000770980000,0x00000007713f8e50,0x0000000771400000)
  to   space 10752K, 0% used [0x000000076ff00000,0x000000076ff00000,0x0000000770980000)
 ParOldGen       total 172032K, used 1627K [0x00000006c4000000, 0x00000006ce800000, 0x000000076c000000)
  object space 172032K, 0% used [0x00000006c4000000,0x00000006c4196f30,0x00000006ce800000)
 Metaspace       used 15561K, capacity 15834K, committed 16128K, reserved 1062912K
  class space    used 1879K, capacity 1975K, committed 2048K, reserved 1048576K
Event: 1.473 GC heap after
Heap after GC invocations=3 (full 0):
 PSYoungGen      total 75264K, used 10752K [0x000000076c000000, 0x0000000775300000, 0x00000007c0000000)
  eden space 64512K, 0% used [0x000000076c000000,0x000000076c000000,0x000000076ff00000)
  from space 10752K, 100% used [0x000000076ff00000,0x0000000770980000,0x0000000770980000)
  to   space 10752K, 0% used [0x0000000774880000,0x0000000774880000,0x0000000775300000)
 ParOldGen       total 172032K, used 7051K [0x00000006c4000000, 0x00000006ce800000, 0x000000076c000000)
  object space 172032K, 4% used [0x00000006c4000000,0x00000006c46e2f98,0x00000006ce800000)
 Metaspace       used 15561K, capacity 15834K, committed 16128K, reserved 1062912K
  class space    used 1879K, capacity 1975K, committed 2048K, reserved 1048576K
}
Event: 2.018 GC heap before
{Heap before GC invocations=4 (full 0):
 PSYoungGen      total 75264K, used 75264K [0x000000076c000000, 0x0000000775300000, 0x00000007c0000000)
  eden space 64512K, 100% used [0x000000076c000000,0x000000076ff00000,0x000000076ff00000)
  from space 10752K, 100% used [0x000000076ff00000,0x0000000770980000,0x0000000770980000)
  to   space 10752K, 0% used [0x0000000774880000,0x0000000774880000,0x0000000775300000)
 ParOldGen       total 172032K, used 7051K [0x00000006c4000000, 0x00000006ce800000, 0x000000076c000000)
  object space 172032K, 4% used [0x00000006c4000000,0x00000006c46e2f98,0x00000006ce800000)
 Metaspace       used 16748K, capacity 17090K, committed 17280K, reserved 1064960K
  class space    used 1989K, capacity 2087K, committed 2176K, reserved 1048576K
Event: 2.027 GC heap after
Heap after GC invocations=4 (full 0):
 PSYoungGen      total 139776K, used 10736K [0x000000076c000000, 0x0000000775300000, 0x00000007c0000000)
  eden space 129024K, 0% used [0x000000076c000000,0x000000076c000000,0x0000000773e00000)
  from space 10752K, 99% used [0x0000000774880000,0x00000007752fc050,0x0000000775300000)
  to   space 10752K, 0% used [0x0000000773e00000,0x0000000773e00000,0x0000000774880000)
 ParOldGen       total 172032K, used 13078K [0x00000006c4000000, 0x00000006ce800000, 0x000000076c000000)
  object space 172032K, 7% used [0x00000006c4000000,0x00000006c4cc5a28,0x00000006ce800000)
 Metaspace       used 16748K, capacity 17090K, committed 17280K, reserved 1064960K
  class space    used 1989K, capacity 2087K, committed 2176K, reserved 1048576K
}
Event: 2.673 GC heap before
{Heap before GC invocations=5 (full 0):
 PSYoungGen      total 139776K, used 57975K [0x000000076c000000, 0x0000000775300000, 0x00000007c0000000)
  eden space 129024K, 36% used [0x000000076c000000,0x000000076ee21f08,0x0000000773e00000)
  from space 10752K, 99% used [0x0000000774880000,0x00000007752fc050,0x0000000775300000)
  to   space 10752K, 0% used [0x0000000773e00000,0x0000000773e00000,0x0000000774880000)
 ParOldGen       total 172032K, used 13078K [0x00000006c4000000, 0x00000006ce800000, 0x000000076c000000)
  object space 172032K, 7% used [0x00000006c4000000,0x00000006c4cc5a28,0x00000006ce800000)
 Metaspace       used 20790K, capacity 21216K, committed 21296K, reserved 1069056K
  class space    used 2497K, capacity 2656K, committed 2688K, reserved 1048576K
Event: 2.686 GC heap after
Heap after GC invocations=5 (full 0):
 PSYoungGen      total 139776K, used 10736K [0x000000076c000000, 0x0000000775300000, 0x00000007c0000000)
  eden space 129024K, 0% used [0x000000076c000000,0x000000076c000000,0x0000000773e00000)
  from space 10752K, 99% used [0x0000000773e00000,0x000000077487c060,0x0000000774880000)
  to   space 10752K, 0% used [0x0000000774880000,0x0000000774880000,0x0000000775300000)
 ParOldGen       total 172032K, used 16765K [0x00000006c4000000, 0x00000006ce800000, 0x000000076c000000)
  object space 172032K, 9% used [0x00000006c4000000,0x00000006c505f520,0x00000006ce800000)
 Metaspace       used 20790K, capacity 21216K, committed 21296K, reserved 1069056K
  class space    used 2497K, capacity 2656K, committed 2688K, reserved 1048576K
}
Event: 2.686 GC heap before
{Heap before GC invocations=6 (full 1):
 PSYoungGen      total 139776K, used 10736K [0x000000076c000000, 0x0000000775300000, 0x00000007c0000000)
  eden space 129024K, 0% used [0x000000076c000000,0x000000076c000000,0x0000000773e00000)
  from space 10752K, 99% used [0x0000000773e00000,0x000000077487c060,0x0000000774880000)
  to   space 10752K, 0% used [0x0000000774880000,0x0000000774880000,0x0000000775300000)
 ParOldGen       total 172032K, used 16765K [0x00000006c4000000, 0x00000006ce800000, 0x000000076c000000)
  object space 172032K, 9% used [0x00000006c4000000,0x00000006c505f520,0x00000006ce800000)
 Metaspace       used 20790K, capacity 21216K, committed 21296K, reserved 1069056K
  class space    used 2497K, capacity 2656K, committed 2688K, reserved 1048576K
Event: 2.774 GC heap after
Heap after GC invocations=6 (full 1):
 PSYoungGen      total 139776K, used 0K [0x000000076c000000, 0x0000000775300000, 0x00000007c0000000)
  eden space 129024K, 0% used [0x000000076c000000,0x000000076c000000,0x0000000773e00000)
  from space 10752K, 0% used [0x0000000773e00000,0x0000000773e00000,0x0000000774880000)
  to   space 10752K, 0% used [0x0000000774880000,0x0000000774880000,0x0000000775300000)
 ParOldGen       total 139264K, used 24264K [0x00000006c4000000, 0x00000006cc800000, 0x000000076c000000)
  object space 139264K, 17% used [0x00000006c4000000,0x00000006c57b2048,0x00000006cc800000)
 Metaspace       used 20790K, capacity 21216K, committed 21296K, reserved 1069056K
  class space    used 2497K, capacity 2656K, committed 2688K, reserved 1048576K
}
Event: 3.686 GC heap before
{Heap before GC invocations=7 (full 1):
 PSYoungGen      total 139776K, used 129024K [0x000000076c000000, 0x0000000775300000, 0x00000007c0000000)
  eden space 129024K, 100% used [0x000000076c000000,0x0000000773e00000,0x0000000773e00000)
  from space 10752K, 0% used [0x0000000773e00000,0x0000000773e00000,0x0000000774880000)
  to   space 10752K, 0% used [0x0000000774880000,0x0000000774880000,0x0000000775300000)
 ParOldGen       total 139264K, used 24264K [0x00000006c4000000, 0x00000006cc800000, 0x000000076c000000)
  object space 139264K, 17% used [0x00000006c4000000,0x00000006c57b2048,0x00000006cc800000)
 Metaspace       used 23287K, capacity 23782K, committed 23936K, reserved 1071104K
  class space    used 2749K, capacity 2913K, committed 2944K, reserved 1048576K
Event: 3.697 GC heap after
Heap after GC invocations=7 (full 1):
 PSYoungGen      total 130048K, used 10751K [0x000000076c000000, 0x0000000778f00000, 0x00000007c0000000)
  eden space 119296K, 0% used [0x000000076c000000,0x000000076c000000,0x0000000773480000)
  from space 10752K, 99% used [0x0000000774880000,0x00000007752fffc0,0x0000000775300000)
  to   space 20480K, 0% used [0x0000000773480000,0x0000000773480000,0x0000000774880000)
 ParOldGen       total 139264K, used 31610K [0x00000006c4000000, 0x00000006cc800000, 0x000000076c000000)
  object space 139264K, 22% used [0x00000006c4000000,0x00000006c5ede880,0x00000006cc800000)
 Metaspace       used 23287K, capacity 23782K, committed 23936K, reserved 1071104K
  class space    used 2749K, capacity 2913K, committed 2944K, reserved 1048576K
}

