# JRE version: Java(TM) SE Runtime Environment (8.0_251-b08) (build 1.8.0_251-b08)
# Java VM: Java HotSpot(TM) 64-Bit Server VM (25.251-b08 mixed mode windows-amd64 compressed oops)
Heap:
 PSYoungGen      total 100864K, used 39150K [0x000000076c000000, 0x0000000772e00000, 0x00000007c0000000)
  eden space 90112K, 38% used [0x000000076c000000,0x000000076e2415f8,0x0000000771800000)
  from space 10752K, 37% used [0x0000000771800000,0x0000000771bfa338,0x0000000772280000)
  to   space 10752K, 0% used [0x0000000772280000,0x0000000772280000,0x0000000772d00000)
 ParOldGen       total 122880K, used 4977K [0x00000006c4000000, 0x00000006cb800000, 0x000000076c000000)
  object space 122880K, 4% used [0x00000006c4000000,0x00000006c44dc4d0,0x00000006cb800000)
 Metaspace       used 23292K, capacity 24048K, committed 24320K, reserved 1073152K
  class space    used 3109K, capacity 3280K, committed 3328K, reserved 1048576K
GC Heap History (10 events):
Event: 1.276 GC heap before
{Heap before GC invocations=5 (full 1):
 PSYoungGen      total 75264K, used 72622K [0x000000076c000000, 0x0000000772d00000, 0x00000007c0000000)
  eden space 64512K, 100% used [0x000000076c000000,0x000000076ff00000,0x000000076ff00000)
  from space 10752K, 75% used [0x000000076ff00000,0x00000007706ebbf8,0x0000000770980000)
  to   space 10752K, 0% used [0x0000000772280000,0x0000000772280000,0x0000000772d00000)
 ParOldGen       total 122880K, used 1607K [0x00000006c4000000, 0x00000006cb800000, 0x000000076c000000)
  object space 122880K, 1% used [0x00000006c4000000,0x00000006c4191e60,0x00000006cb800000)
 Metaspace       used 19949K, capacity 20452K, committed 20736K, reserved 1069056K
  class space    used 2634K, capacity 2786K, committed 2816K, reserved 1048576K
Event: 1.279 GC heap after
Heap after GC invocations=5 (full 1):
 PSYoungGen      total 100864K, used 5345K [0x000000076c000000, 0x0000000772e00000, 0x00000007c0000000)
  eden space 90112K, 0% used [0x000000076c000000,0x000000076c000000,0x0000000771800000)
  from space 10752K, 49% used [0x0000000772280000,0x00000007727b87f0,0x0000000772d00000)
  to   space 10752K, 0% used [0x0000000771800000,0x0000000771800000,0x0000000772280000)
 ParOldGen       total 122880K, used 1615K [0x00000006c4000000, 0x00000006cb800000, 0x000000076c000000)
  object space 122880K, 1% used [0x00000006c4000000,0x00000006c4193e60,0x00000006cb800000)
 Metaspace       used 19949K, capacity 20452K, committed 20736K, reserved 1069056K
  class space    used 2634K, capacity 2786K, committed 2816K, reserved 1048576K
}
Event: 1.336 GC heap before
{Heap before GC invocations=6 (full 1):
 PSYoungGen      total 100864K, used 15430K [0x000000076c000000, 0x0000000772e00000, 0x00000007c0000000)
  eden space 90112K, 11% used [0x000000076c000000,0x000000076c9d93e8,0x0000000771800000)
  from space 10752K, 49% used [0x0000000772280000,0x00000007727b87f0,0x0000000772d00000)
  to   space 10752K, 0% used [0x0000000771800000,0x0000000771800000,0x0000000772280000)
 ParOldGen       total 122880K, used 1615K [0x00000006c4000000, 0x00000006cb800000, 0x000000076c000000)
  object space 122880K, 1% used [0x00000006c4000000,0x00000006c4193e60,0x00000006cb800000)
 Metaspace       used 20678K, capacity 21212K, committed 21296K, reserved 1069056K
  class space    used 2748K, capacity 2908K, committed 2944K, reserved 1048576K
Event: 1.339 GC heap after
Heap after GC invocations=6 (full 1):
 PSYoungGen      total 100864K, used 3940K [0x000000076c000000, 0x0000000772e00000, 0x00000007c0000000)
  eden space 90112K, 0% used [0x000000076c000000,0x000000076c000000,0x0000000771800000)
  from space 10752K, 36% used [0x0000000771800000,0x0000000771bd92e0,0x0000000772280000)
  to   space 10752K, 0% used [0x0000000772280000,0x0000000772280000,0x0000000772d00000)
 ParOldGen       total 122880K, used 1623K [0x00000006c4000000, 0x00000006cb800000, 0x000000076c000000)
  object space 122880K, 1% used [0x00000006c4000000,0x00000006c4195e60,0x00000006cb800000)
 Metaspace       used 20678K, capacity 21212K, committed 21296K, reserved 1069056K
  class space    used 2748K, capacity 2908K, committed 2944K, reserved 1048576K
}
Event: 1.339 GC heap before
{Heap before GC invocations=7 (full 2):
 PSYoungGen      total 100864K, used 3940K [0x000000076c000000, 0x0000000772e00000, 0x00000007c0000000)
  eden space 90112K, 0% used [0x000000076c000000,0x000000076c000000,0x0000000771800000)
  from space 10752K, 36% used [0x0000000771800000,0x0000000771bd92e0,0x0000000772280000)
  to   space 10752K, 0% used [0x0000000772280000,0x0000000772280000,0x0000000772d00000)
 ParOldGen       total 122880K, used 1623K [0x00000006c4000000, 0x00000006cb800000, 0x000000076c000000)
  object space 122880K, 1% used [0x00000006c4000000,0x00000006c4195e60,0x00000006cb800000)
 Metaspace       used 20678K, capacity 21212K, committed 21296K, reserved 1069056K
  class space    used 2748K, capacity 2908K, committed 2944K, reserved 1048576K
Event: 1.354 GC heap after
Heap after GC invocations=7 (full 2):
 PSYoungGen      total 100864K, used 0K [0x000000076c000000, 0x0000000772e00000, 0x00000007c0000000)
  eden space 90112K, 0% used [0x000000076c000000,0x000000076c000000,0x0000000771800000)
  from space 10752K, 0% used [0x0000000771800000,0x0000000771800000,0x0000000772280000)
  to   space 10752K, 0% used [0x0000000772280000,0x0000000772280000,0x0000000772d00000)
 ParOldGen       total 122880K, used 4969K [0x00000006c4000000, 0x00000006cb800000, 0x000000076c000000)
  object space 122880K, 4% used [0x00000006c4000000,0x00000006c44da4d0,0x00000006cb800000)
 Metaspace       used 20678K, capacity 21212K, committed 21296K, reserved 1069056K
  class space    used 2748K, capacity 2908K, committed 2944K, reserved 1048576K
}
Event: 1.461 GC heap before
{Heap before GC invocations=8 (full 2):
 PSYoungGen      total 100864K, used 90054K [0x000000076c000000, 0x0000000772e00000, 0x00000007c0000000)
  eden space 90112K, 99% used [0x000000076c000000,0x00000007717f1b70,0x0000000771800000)
  from space 10752K, 0% used [0x0000000771800000,0x0000000771800000,0x0000000772280000)
  to   space 10752K, 0% used [0x0000000772280000,0x0000000772280000,0x0000000772d00000)
 ParOldGen       total 122880K, used 4969K [0x00000006c4000000, 0x00000006cb800000, 0x000000076c000000)
  object space 122880K, 4% used [0x00000006c4000000,0x00000006c44da4d0,0x00000006cb800000)
 Metaspace       used 22206K, capacity 22806K, committed 22912K, reserved 1071104K
  class space    used 2951K, capacity 3129K, committed 3200K, reserved 1048576K
Event: 1.463 GC heap after
Heap after GC invocations=8 (full 2):
 PSYoungGen      total 100864K, used 2725K [0x000000076c000000, 0x0000000772e00000, 0x00000007c0000000)
  eden space 90112K, 0% used [0x000000076c000000,0x000000076c000000,0x0000000771800000)
  from space 10752K, 25% used [0x0000000772280000,0x00000007725297b0,0x0000000772d00000)
  to   space 10752K, 0% used [0x0000000771800000,0x0000000771800000,0x0000000772280000)
 ParOldGen       total 122880K, used 4969K [0x00000006c4000000, 0x00000006cb800000, 0x000000076c000000)
  object space 122880K, 4% used [0x00000006c4000000,0x00000006c44da4d0,0x00000006cb800000)
 Metaspace       used 22206K, capacity 22806K, committed 22912K, reserved 1071104K
  class space    used 2951K, capacity 3129K, committed 3200K, reserved 1048576K
}
Event: 1.638 GC heap before
{Heap before GC invocations=9 (full 2):
 PSYoungGen      total 100864K, used 92837K [0x000000076c000000, 0x0000000772e00000, 0x00000007c0000000)
  eden space 90112K, 100% used [0x000000076c000000,0x0000000771800000,0x0000000771800000)
  from space 10752K, 25% used [0x0000000772280000,0x00000007725297b0,0x0000000772d00000)
  to   space 10752K, 0% used [0x0000000771800000,0x0000000771800000,0x0000000772280000)
 ParOldGen       total 122880K, used 4969K [0x00000006c4000000, 0x00000006cb800000, 0x000000076c000000)
  object space 122880K, 4% used [0x00000006c4000000,0x00000006c44da4d0,0x00000006cb800000)
 Metaspace       used 23163K, capacity 23924K, committed 24064K, reserved 1071104K
  class space    used 3082K, capacity 3268K, committed 3328K, reserved 1048576K
Event: 1.640 GC heap after
Heap after GC invocations=9 (full 2):
 PSYoungGen      total 100864K, used 4072K [0x000000076c000000, 0x0000000772e00000, 0x00000007c0000000)
  eden space 90112K, 0% used [0x000000076c000000,0x000000076c000000,0x0000000771800000)
  from space 10752K, 37% used [0x0000000771800000,0x0000000771bfa338,0x0000000772280000)
  to   space 10752K, 0% used [0x0000000772280000,0x0000000772280000,0x0000000772d00000)
 ParOldGen       total 122880K, used 4977K [0x00000006c4000000, 0x00000006cb800000, 0x000000076c000000)
  object space 122880K, 4% used [0x00000006c4000000,0x00000006c44dc4d0,0x00000006cb800000)
 Metaspace       used 23163K, capacity 23924K, committed 24064K, reserved 1071104K
  class space    used 3082K, capacity 3268K, committed 3328K, reserved 1048576K
}

